<?xml version="1.0" encoding="UTF-8"?>
<!-- Generated by org.testng.reporters.JUnitReportReporter -->
<testsuite skipped="0" hostname="LAPTOP-E5J7R7L7" name="testNG.concepts.ParallelExecutionConcept" tests="3" failures="0" timestamp="17 Aug 2022 00:20:10 GMT" time="11.454" errors="0">
  <testcase name="testTwo" time="3.115" classname="testNG.concepts.ParallelExecutionConcept"/>
  <testcase name="testthree" time="3.183" classname="testNG.concepts.ParallelExecutionConcept"/>
  <testcase name="testOne" time="5.156" classname="testNG.concepts.ParallelExecutionConcept"/>
</testsuite> <!-- testNG.concepts.ParallelExecutionConcept -->
