<?xml version="1.0" encoding="UTF-8"?>
<!-- Generated by org.testng.reporters.JUnitReportReporter -->
<testsuite skipped="0" hostname="LAPTOP-E5J7R7L7" name="testNG.concepts.DataProviderConcept" tests="4" failures="0" timestamp="17 Aug 2022 01:28:14 GMT" time="0.007" errors="0">
  <testcase name="test" time="0.000" classname="testNG.concepts.DataProviderConcept"/>
  <testcase name="test" time="0.006" classname="testNG.concepts.DataProviderConcept"/>
  <testcase name="test" time="0.000" classname="testNG.concepts.DataProviderConcept"/>
  <testcase name="test" time="0.001" classname="testNG.concepts.DataProviderConcept"/>
</testsuite> <!-- testNG.concepts.DataProviderConcept -->
